2022-05-27 07:57:24 error: ENOENT: no such file or directory, mkdir 'D:\projects\payslip\src\payslip-api\public\report\20220527-20220527' Error: ENOENT: no such file or directory, mkdir 'D:\projects\payslip\src\payslip-api\public\report\20220527-20220527'
    at Object.mkdirSync (fs.js:1013:3)
    at D:\projects\payslip\src\payslip-api\routes\report.js:151:10
    at Layer.handle [as handle_request] (D:\projects\payslip\src\payslip-api\node_modules\express\lib\router\layer.js:95:5)
    at next (D:\projects\payslip\src\payslip-api\node_modules\express\lib\router\route.js:137:13)
    at Route.dispatch (D:\projects\payslip\src\payslip-api\node_modules\express\lib\router\route.js:112:3)
    at Layer.handle [as handle_request] (D:\projects\payslip\src\payslip-api\node_modules\express\lib\router\layer.js:95:5)
    at D:\projects\payslip\src\payslip-api\node_modules\express\lib\router\index.js:281:22
    at Function.process_params (D:\projects\payslip\src\payslip-api\node_modules\express\lib\router\index.js:335:12)
    at next (D:\projects\payslip\src\payslip-api\node_modules\express\lib\router\index.js:275:10)
    at Function.handle (D:\projects\payslip\src\payslip-api\node_modules\express\lib\router\index.js:174:3)
    at router (D:\projects\payslip\src\payslip-api\node_modules\express\lib\router\index.js:47:12)
    at Layer.handle [as handle_request] (D:\projects\payslip\src\payslip-api\node_modules\express\lib\router\layer.js:95:5)
    at trim_prefix (D:\projects\payslip\src\payslip-api\node_modules\express\lib\router\index.js:317:13)
    at D:\projects\payslip\src\payslip-api\node_modules\express\lib\router\index.js:284:7
    at Function.process_params (D:\projects\payslip\src\payslip-api\node_modules\express\lib\router\index.js:335:12)
    at next (D:\projects\payslip\src\payslip-api\node_modules\express\lib\router\index.js:275:10)
2022-05-27 07:58:08 error: ENOENT: no such file or directory, mkdir 'D:\projects\payslip\src\payslip-api\public\report\20220320-20220326' Error: ENOENT: no such file or directory, mkdir 'D:\projects\payslip\src\payslip-api\public\report\20220320-20220326'
    at Object.mkdirSync (fs.js:1013:3)
    at D:\projects\payslip\src\payslip-api\routes\report.js:151:10
    at Layer.handle [as handle_request] (D:\projects\payslip\src\payslip-api\node_modules\express\lib\router\layer.js:95:5)
    at next (D:\projects\payslip\src\payslip-api\node_modules\express\lib\router\route.js:137:13)
    at Route.dispatch (D:\projects\payslip\src\payslip-api\node_modules\express\lib\router\route.js:112:3)
    at Layer.handle [as handle_request] (D:\projects\payslip\src\payslip-api\node_modules\express\lib\router\layer.js:95:5)
    at D:\projects\payslip\src\payslip-api\node_modules\express\lib\router\index.js:281:22
    at Function.process_params (D:\projects\payslip\src\payslip-api\node_modules\express\lib\router\index.js:335:12)
    at next (D:\projects\payslip\src\payslip-api\node_modules\express\lib\router\index.js:275:10)
    at Function.handle (D:\projects\payslip\src\payslip-api\node_modules\express\lib\router\index.js:174:3)
    at router (D:\projects\payslip\src\payslip-api\node_modules\express\lib\router\index.js:47:12)
    at Layer.handle [as handle_request] (D:\projects\payslip\src\payslip-api\node_modules\express\lib\router\layer.js:95:5)
    at trim_prefix (D:\projects\payslip\src\payslip-api\node_modules\express\lib\router\index.js:317:13)
    at D:\projects\payslip\src\payslip-api\node_modules\express\lib\router\index.js:284:7
    at Function.process_params (D:\projects\payslip\src\payslip-api\node_modules\express\lib\router\index.js:335:12)
    at next (D:\projects\payslip\src\payslip-api\node_modules\express\lib\router\index.js:275:10)
